<?xml version="1.0" encoding="UTF-8"?>
<testng-results skipped="0" failed="0" ignored="0" total="20" passed="20">
  <reporter-output>
  </reporter-output>
  <suite name="Surefire suite" duration-ms="331514" started-at="2022-07-08T11:54:55 EET" finished-at="2022-07-08T12:00:27 EET">
    <groups>
      <group name="cucumber">
        <method signature="AbstractTestNGCucumberTests.runScenario(io.cucumber.testng.PickleWrapper,io.cucumber.testng.FeatureWrapper)[pri:0, instance:org.example.runners.TestRunner@480bdb19]" name="runScenario" class="io.cucumber.testng.AbstractTestNGCucumberTests"/>
      </group> <!-- cucumber -->
    </groups>
    <test name="Surefire test" duration-ms="331514" started-at="2022-07-08T11:54:55 EET" finished-at="2022-07-08T12:00:27 EET">
      <class name="org.example.runners.TestRunner">
        <test-method status="PASS" signature="setUpClass(org.testng.ITestContext)[pri:0, instance:org.example.runners.TestRunner@480bdb19]" name="setUpClass" is-config="true" duration-ms="884" started-at="2022-07-08T11:54:55 EET" finished-at="2022-07-08T11:54:56 EET">
          <params>
            <param index="0">
              <value>
                <![CDATA[org.testng.TestRunner@27746c5e]]>
              </value>
            </param>
          </params>
          <reporter-output>
          </reporter-output>
        </test-method> <!-- setUpClass -->
        <test-method status="PASS" signature="runScenario(io.cucumber.testng.PickleWrapper,io.cucumber.testng.FeatureWrapper)[pri:0, instance:org.example.runners.TestRunner@480bdb19]" name="runScenario" duration-ms="40341" started-at="2022-07-08T11:54:56 EET" description="Runs Cucumber Scenarios" data-provider="scenarios" finished-at="2022-07-08T11:55:36 EET">
          <params>
            <param index="0">
              <value>
                <![CDATA["User register with valid data"]]>
              </value>
            </param>
            <param index="1">
              <value>
                <![CDATA["User can register and has an account on the website"]]>
              </value>
            </param>
          </params>
          <reporter-output>
          </reporter-output>
        </test-method> <!-- runScenario -->
        <test-method status="PASS" signature="runScenario(io.cucumber.testng.PickleWrapper,io.cucumber.testng.FeatureWrapper)[pri:0, instance:org.example.runners.TestRunner@480bdb19]" name="runScenario" duration-ms="13901" started-at="2022-07-08T11:55:36 EET" description="Runs Cucumber Scenarios" data-provider="scenarios" finished-at="2022-07-08T11:55:50 EET">
          <params>
            <param index="0">
              <value>
                <![CDATA["User login with valid credentials"]]>
              </value>
            </param>
            <param index="1">
              <value>
                <![CDATA["User can log in the website"]]>
              </value>
            </param>
          </params>
          <reporter-output>
          </reporter-output>
        </test-method> <!-- runScenario -->
        <test-method status="PASS" signature="runScenario(io.cucumber.testng.PickleWrapper,io.cucumber.testng.FeatureWrapper)[pri:0, instance:org.example.runners.TestRunner@480bdb19]" name="runScenario" duration-ms="7536" started-at="2022-07-08T11:55:50 EET" description="Runs Cucumber Scenarios" data-provider="scenarios" finished-at="2022-07-08T11:55:58 EET">
          <params>
            <param index="0">
              <value>
                <![CDATA["User login with invalid credentials"]]>
              </value>
            </param>
            <param index="1">
              <value>
                <![CDATA["User can log in the website"]]>
              </value>
            </param>
          </params>
          <reporter-output>
          </reporter-output>
        </test-method> <!-- runScenario -->
        <test-method status="PASS" signature="runScenario(io.cucumber.testng.PickleWrapper,io.cucumber.testng.FeatureWrapper)[pri:0, instance:org.example.runners.TestRunner@480bdb19]" name="runScenario" duration-ms="10146" started-at="2022-07-08T11:55:58 EET" description="Runs Cucumber Scenarios" data-provider="scenarios" finished-at="2022-07-08T11:56:08 EET">
          <params>
            <param index="0">
              <value>
                <![CDATA["User change currency from US to Euro"]]>
              </value>
            </param>
            <param index="1">
              <value>
                <![CDATA["Logged user can switch between currencies US-Euro"]]>
              </value>
            </param>
          </params>
          <reporter-output>
          </reporter-output>
        </test-method> <!-- runScenario -->
        <test-method status="PASS" signature="runScenario(io.cucumber.testng.PickleWrapper,io.cucumber.testng.FeatureWrapper)[pri:0, instance:org.example.runners.TestRunner@480bdb19]" name="runScenario" duration-ms="9365" started-at="2022-07-08T11:56:08 EET" description="Runs Cucumber Scenarios" data-provider="scenarios" finished-at="2022-07-08T11:56:17 EET">
          <params>
            <param index="0">
              <value>
                <![CDATA["Logged user search using product name"]]>
              </value>
            </param>
            <param index="1">
              <value>
                <![CDATA["Logged user can search for any product"]]>
              </value>
            </param>
          </params>
          <reporter-output>
          </reporter-output>
        </test-method> <!-- runScenario -->
        <test-method status="PASS" signature="runScenario(io.cucumber.testng.PickleWrapper,io.cucumber.testng.FeatureWrapper)[pri:0, instance:org.example.runners.TestRunner@480bdb19]" name="runScenario" duration-ms="9300" started-at="2022-07-08T11:56:17 EET" description="Runs Cucumber Scenarios" data-provider="scenarios" finished-at="2022-07-08T11:56:27 EET">
          <params>
            <param index="0">
              <value>
                <![CDATA["Logged user search using product name"]]>
              </value>
            </param>
            <param index="1">
              <value>
                <![CDATA["Logged user can search for any product"]]>
              </value>
            </param>
          </params>
          <reporter-output>
          </reporter-output>
        </test-method> <!-- runScenario -->
        <test-method status="PASS" signature="runScenario(io.cucumber.testng.PickleWrapper,io.cucumber.testng.FeatureWrapper)[pri:0, instance:org.example.runners.TestRunner@480bdb19]" name="runScenario" duration-ms="10115" started-at="2022-07-08T11:56:27 EET" description="Runs Cucumber Scenarios" data-provider="scenarios" finished-at="2022-07-08T11:56:37 EET">
          <params>
            <param index="0">
              <value>
                <![CDATA["Logged user search using product name"]]>
              </value>
            </param>
            <param index="1">
              <value>
                <![CDATA["Logged user can search for any product"]]>
              </value>
            </param>
          </params>
          <reporter-output>
          </reporter-output>
        </test-method> <!-- runScenario -->
        <test-method status="PASS" signature="runScenario(io.cucumber.testng.PickleWrapper,io.cucumber.testng.FeatureWrapper)[pri:0, instance:org.example.runners.TestRunner@480bdb19]" name="runScenario" duration-ms="13088" started-at="2022-07-08T11:56:37 EET" description="Runs Cucumber Scenarios" data-provider="scenarios" finished-at="2022-07-08T11:56:50 EET">
          <params>
            <param index="0">
              <value>
                <![CDATA["Logged user search using product sku"]]>
              </value>
            </param>
            <param index="1">
              <value>
                <![CDATA["Logged user can search for any product"]]>
              </value>
            </param>
          </params>
          <reporter-output>
          </reporter-output>
        </test-method> <!-- runScenario -->
        <test-method status="PASS" signature="runScenario(io.cucumber.testng.PickleWrapper,io.cucumber.testng.FeatureWrapper)[pri:0, instance:org.example.runners.TestRunner@480bdb19]" name="runScenario" duration-ms="11353" started-at="2022-07-08T11:56:50 EET" description="Runs Cucumber Scenarios" data-provider="scenarios" finished-at="2022-07-08T11:57:01 EET">
          <params>
            <param index="0">
              <value>
                <![CDATA["Logged user search using product sku"]]>
              </value>
            </param>
            <param index="1">
              <value>
                <![CDATA["Logged user can search for any product"]]>
              </value>
            </param>
          </params>
          <reporter-output>
          </reporter-output>
        </test-method> <!-- runScenario -->
        <test-method status="PASS" signature="runScenario(io.cucumber.testng.PickleWrapper,io.cucumber.testng.FeatureWrapper)[pri:0, instance:org.example.runners.TestRunner@480bdb19]" name="runScenario" duration-ms="17290" started-at="2022-07-08T11:57:01 EET" description="Runs Cucumber Scenarios" data-provider="scenarios" finished-at="2022-07-08T11:57:18 EET">
          <params>
            <param index="0">
              <value>
                <![CDATA["Logged user search using product sku"]]>
              </value>
            </param>
            <param index="1">
              <value>
                <![CDATA["Logged user can search for any product"]]>
              </value>
            </param>
          </params>
          <reporter-output>
          </reporter-output>
        </test-method> <!-- runScenario -->
        <test-method status="PASS" signature="runScenario(io.cucumber.testng.PickleWrapper,io.cucumber.testng.FeatureWrapper)[pri:0, instance:org.example.runners.TestRunner@480bdb19]" name="runScenario" duration-ms="7621" started-at="2022-07-08T11:57:18 EET" description="Runs Cucumber Scenarios" data-provider="scenarios" finished-at="2022-07-08T11:57:26 EET">
          <params>
            <param index="0">
              <value>
                <![CDATA["User reset password with valid email"]]>
              </value>
            </param>
            <param index="1">
              <value>
                <![CDATA["User can reset his/her password successfully"]]>
              </value>
            </param>
          </params>
          <reporter-output>
          </reporter-output>
        </test-method> <!-- runScenario -->
        <test-method status="PASS" signature="runScenario(io.cucumber.testng.PickleWrapper,io.cucumber.testng.FeatureWrapper)[pri:0, instance:org.example.runners.TestRunner@480bdb19]" name="runScenario" duration-ms="8614" started-at="2022-07-08T11:57:26 EET" description="Runs Cucumber Scenarios" data-provider="scenarios" finished-at="2022-07-08T11:57:35 EET">
          <params>
            <param index="0">
              <value>
                <![CDATA["User reset password with invalid email"]]>
              </value>
            </param>
            <param index="1">
              <value>
                <![CDATA["User can reset his/her password successfully"]]>
              </value>
            </param>
          </params>
          <reporter-output>
          </reporter-output>
        </test-method> <!-- runScenario -->
        <test-method status="PASS" signature="runScenario(io.cucumber.testng.PickleWrapper,io.cucumber.testng.FeatureWrapper)[pri:0, instance:org.example.runners.TestRunner@480bdb19]" name="runScenario" duration-ms="8998" started-at="2022-07-08T11:57:35 EET" description="Runs Cucumber Scenarios" data-provider="scenarios" finished-at="2022-07-08T11:57:44 EET">
          <params>
            <param index="0">
              <value>
                <![CDATA["User select sub-category"]]>
              </value>
            </param>
            <param index="1">
              <value>
                <![CDATA["Logged user can select different Categories in the website"]]>
              </value>
            </param>
          </params>
          <reporter-output>
          </reporter-output>
        </test-method> <!-- runScenario -->
        <test-method status="PASS" signature="runScenario(io.cucumber.testng.PickleWrapper,io.cucumber.testng.FeatureWrapper)[pri:0, instance:org.example.runners.TestRunner@480bdb19]" name="runScenario" duration-ms="13511" started-at="2022-07-08T11:57:44 EET" description="Runs Cucumber Scenarios" data-provider="scenarios" finished-at="2022-07-08T11:57:57 EET">
          <params>
            <param index="0">
              <value>
                <![CDATA["Logged user filter products with color"]]>
              </value>
            </param>
            <param index="1">
              <value>
                <![CDATA["Logged user can filter with color"]]>
              </value>
            </param>
          </params>
          <reporter-output>
          </reporter-output>
        </test-method> <!-- runScenario -->
        <test-method status="PASS" signature="runScenario(io.cucumber.testng.PickleWrapper,io.cucumber.testng.FeatureWrapper)[pri:0, instance:org.example.runners.TestRunner@480bdb19]" name="runScenario" duration-ms="31239" started-at="2022-07-08T11:57:57 EET" description="Runs Cucumber Scenarios" data-provider="scenarios" finished-at="2022-07-08T11:58:28 EET">
          <params>
            <param index="0">
              <value>
                <![CDATA["Logged user add different products to Shopping cart"]]>
              </value>
            </param>
            <param index="1">
              <value>
                <![CDATA["Logged user can add different products to Shopping cart"]]>
              </value>
            </param>
          </params>
          <reporter-output>
          </reporter-output>
        </test-method> <!-- runScenario -->
        <test-method status="PASS" signature="runScenario(io.cucumber.testng.PickleWrapper,io.cucumber.testng.FeatureWrapper)[pri:0, instance:org.example.runners.TestRunner@480bdb19]" name="runScenario" duration-ms="40123" started-at="2022-07-08T11:58:28 EET" description="Runs Cucumber Scenarios" data-provider="scenarios" finished-at="2022-07-08T11:59:08 EET">
          <params>
            <param index="0">
              <value>
                <![CDATA["Logged user add different products to Wishlist"]]>
              </value>
            </param>
            <param index="1">
              <value>
                <![CDATA["Logged user can add different products to Wishlist"]]>
              </value>
            </param>
          </params>
          <reporter-output>
          </reporter-output>
        </test-method> <!-- runScenario -->
        <test-method status="PASS" signature="runScenario(io.cucumber.testng.PickleWrapper,io.cucumber.testng.FeatureWrapper)[pri:0, instance:org.example.runners.TestRunner@480bdb19]" name="runScenario" duration-ms="28216" started-at="2022-07-08T11:59:08 EET" description="Runs Cucumber Scenarios" data-provider="scenarios" finished-at="2022-07-08T11:59:37 EET">
          <params>
            <param index="0">
              <value>
                <![CDATA["Logged user add different products to compare list"]]>
              </value>
            </param>
            <param index="1">
              <value>
                <![CDATA["Logged user can add different products to compare list"]]>
              </value>
            </param>
          </params>
          <reporter-output>
          </reporter-output>
        </test-method> <!-- runScenario -->
        <test-method status="PASS" signature="runScenario(io.cucumber.testng.PickleWrapper,io.cucumber.testng.FeatureWrapper)[pri:0, instance:org.example.runners.TestRunner@480bdb19]" name="runScenario" duration-ms="27554" started-at="2022-07-08T11:59:37 EET" description="Runs Cucumber Scenarios" data-provider="scenarios" finished-at="2022-07-08T12:00:04 EET">
          <params>
            <param index="0">
              <value>
                <![CDATA["Logged user purchase with cash payment"]]>
              </value>
            </param>
            <param index="1">
              <value>
                <![CDATA["Logged user can purchase product from the website"]]>
              </value>
            </param>
          </params>
          <reporter-output>
          </reporter-output>
        </test-method> <!-- runScenario -->
        <test-method status="PASS" signature="runScenario(io.cucumber.testng.PickleWrapper,io.cucumber.testng.FeatureWrapper)[pri:0, instance:org.example.runners.TestRunner@480bdb19]" name="runScenario" duration-ms="10537" started-at="2022-07-08T12:00:04 EET" description="Runs Cucumber Scenarios" data-provider="scenarios" finished-at="2022-07-08T12:00:15 EET">
          <params>
            <param index="0">
              <value>
                <![CDATA["Logged user select awesome tag"]]>
              </value>
            </param>
            <param index="1">
              <value>
                <![CDATA["Logged user can select different tags"]]>
              </value>
            </param>
          </params>
          <reporter-output>
          </reporter-output>
        </test-method> <!-- runScenario -->
        <test-method status="PASS" signature="runScenario(io.cucumber.testng.PickleWrapper,io.cucumber.testng.FeatureWrapper)[pri:0, instance:org.example.runners.TestRunner@480bdb19]" name="runScenario" duration-ms="9835" started-at="2022-07-08T12:00:15 EET" description="Runs Cucumber Scenarios" data-provider="scenarios" finished-at="2022-07-08T12:00:25 EET">
          <params>
            <param index="0">
              <value>
                <![CDATA["Logged user select cell tag"]]>
              </value>
            </param>
            <param index="1">
              <value>
                <![CDATA["Logged user can select different tags"]]>
              </value>
            </param>
          </params>
          <reporter-output>
          </reporter-output>
        </test-method> <!-- runScenario -->
        <test-method status="PASS" signature="tearDownClass()[pri:0, instance:org.example.runners.TestRunner@480bdb19]" name="tearDownClass" is-config="true" duration-ms="1891" started-at="2022-07-08T12:00:25 EET" finished-at="2022-07-08T12:00:27 EET">
          <reporter-output>
          </reporter-output>
        </test-method> <!-- tearDownClass -->
      </class> <!-- org.example.runners.TestRunner -->
    </test> <!-- Surefire test -->
  </suite> <!-- Surefire suite -->
</testng-results>
