<?xml version="1.0" encoding="UTF-8"?>
<testsuite xmlns:xsi="http://www.w3.org/2001/XMLSchema-instance" xsi:noNamespaceSchemaLocation="https://maven.apache.org/surefire/maven-surefire-plugin/xsd/surefire-test-report.xsd" name="org.example.runners.TestRunner" time="406.289" tests="27" errors="0" skipped="0" failures="3">
  <properties>
[...]
</properties>
  <testcase name="runScenario" classname="org.example.runners.TestRunner" time="15.015"/>
  <testcase name="runScenario" classname="org.example.runners.TestRunner" time="11.552"/>
  <testcase name="runScenario" classname="org.example.runners.TestRunner" time="8.226"/>
  <testcase name="runScenario" classname="org.example.runners.TestRunner" time="9.462"/>
  <testcase name="runScenario" classname="org.example.runners.TestRunner" time="9.29"/>
  <testcase name="runScenario" classname="org.example.runners.TestRunner" time="8.87"/>
  <testcase name="runScenario" classname="org.example.runners.TestRunner" time="9.259"/>
  <testcase name="runScenario" classname="org.example.runners.TestRunner" time="11.068"/>
  <testcase name="runScenario" classname="org.example.runners.TestRunner" time="10.435"/>
  <testcase name="runScenario" classname="org.example.runners.TestRunner" time="11.445"/>
  <testcase name="runScenario" classname="org.example.runners.TestRunner" time="8.493"/>
  <testcase name="runScenario" classname="org.example.runners.TestRunner" time="7.832"/>
  <testcase name="runScenario" classname="org.example.runners.TestRunner" time="11.65"/>
  <testcase name="runScenario" classname="org.example.runners.TestRunner" time="17.946"/>
  <testcase name="runScenario" classname="org.example.runners.TestRunner" time="44.025"/>
  <testcase name="runScenario" classname="org.example.runners.TestRunner" time="9.02"/>
  <testcase name="runScenario" classname="org.example.runners.TestRunner" time="22.783"/>
  <testcase name="runScenario" classname="org.example.runners.TestRunner" time="30.593"/>
  <testcase name="runScenario" classname="org.example.runners.TestRunner" time="27.358"/>
  <testcase name="runScenario" classname="org.example.runners.TestRunner" time="12.572"/>
  <testcase name="runScenario" classname="org.example.runners.TestRunner" time="11.026"/>
  <testcase name="runScenario" classname="org.example.runners.TestRunner" time="18.81">
    <failure message="Expected condition failed: waiting for url to be &quot;https://demo.nopcommerce.com/nokia-lumia-1020&quot;. Current url: &quot;https://demo.nopcommerce.com/&quot; (tried for 10 second(s) with 500 milliseconds interval)&#10;Build info: version: &apos;4.3.0&apos;, revision: &apos;a4995e2c09*&apos;&#10;System info: host: &apos;DESKTOP-K5S71EA&apos;, ip: &apos;192.168.1.2&apos;, os.name: &apos;Windows 10&apos;, os.arch: &apos;amd64&apos;, os.version: &apos;10.0&apos;, java.version: &apos;1.8.0_333&apos;&#10;Driver info: org.openqa.selenium.chrome.ChromeDriver&#10;Capabilities {acceptInsecureCerts: false, browserName: chrome, browserVersion: 103.0.5060.114, chrome: {chromedriverVersion: 103.0.5060.53 (a1711811edd7..., userDataDir: C:\Users\mouha\AppData\Loca...}, goog:chromeOptions: {debuggerAddress: localhost:59110}, networkConnectionEnabled: false, pageLoadStrategy: normal, platformName: WINDOWS, proxy: Proxy(), se:cdp: ws://localhost:59110/devtoo..., se:cdpVersion: 103.0.5060.114, setWindowRect: true, strictFileInteractability: false, timeouts: {implicit: 0, pageLoad: 300000, script: 30000}, unhandledPromptBehavior: dismiss and notify, webauthn:extension:credBlob: true, webauthn:extension:largeBlob: true, webauthn:virtualAuthenticators: true}&#10;Session ID: 9c1683519945248f4e216b7b1375fcd7" type="org.openqa.selenium.TimeoutException">org.openqa.selenium.TimeoutException: 
Expected condition failed: waiting for url to be "https://demo.nopcommerce.com/nokia-lumia-1020". Current url: "https://demo.nopcommerce.com/" (tried for 10 second(s) with 500 milliseconds interval)
Build info: version: '4.3.0', revision: 'a4995e2c09*'
System info: host: 'DESKTOP-K5S71EA', ip: '192.168.1.2', os.name: 'Windows 10', os.arch: 'amd64', os.version: '10.0', java.version: '1.8.0_333'
Driver info: org.openqa.selenium.chrome.ChromeDriver
Capabilities {acceptInsecureCerts: false, browserName: chrome, browserVersion: 103.0.5060.114, chrome: {chromedriverVersion: 103.0.5060.53 (a1711811edd7..., userDataDir: C:\Users\mouha\AppData\Loca...}, goog:chromeOptions: {debuggerAddress: localhost:59110}, networkConnectionEnabled: false, pageLoadStrategy: normal, platformName: WINDOWS, proxy: Proxy(), se:cdp: ws://localhost:59110/devtoo..., se:cdpVersion: 103.0.5060.114, setWindowRect: true, strictFileInteractability: false, timeouts: {implicit: 0, pageLoad: 300000, script: 30000}, unhandledPromptBehavior: dismiss and notify, webauthn:extension:credBlob: true, webauthn:extension:largeBlob: true, webauthn:virtualAuthenticators: true}
Session ID: 9c1683519945248f4e216b7b1375fcd7
</failure>
    <system-out><![CDATA[tions.ShoppingCart.shopping_cart_will_contains_all_selected_products()&amp#27;[0m

@smoke
Scenario: User add htc phone product to Wishlist                   &amp#27;[90m# src/main/resources/features/F09_WishList.feature:5&amp#27;[0m
  &amp#27;[32mGiven &amp#27;[0m&amp#27;[32mUser at the homepage&amp#27;[0m                                       &amp#27;[90m# org.example.step_definitions.WishList.user_at_the_homepage()&amp#27;[0m
  &amp#27;[32mWhen &amp#27;[0m&amp#27;[32mUser click on add to wishlist button of htc phone&amp#27;[0m           &amp#27;[90m# org.example.step_definitions.WishList.user_click_on_add_to_wishlist_button_of_htc_phone()&amp#27;[0m
  &amp#27;[32mThen &amp#27;[0m&amp#27;[32msuccess message appears which confirm adding of the product&amp#27;[0m &amp#27;[90m# org.example.step_definitions.WishList.success_message_appears_which_confirm_adding_of_the_product()&amp#27;[0m

@smoke
Scenario: User add htc phone product to Wishlist and validate its quantity                   &amp#27;[90m# src/main/resources/features/F09_WishList.feature:10&amp#27;[0m
  &amp#27;[32mGiven &amp#27;[0m&amp#27;[32mUser at the homepage&amp#27;[0m                                                                 &amp#27;[90m# org.example.step_definitions.WishList.user_at_the_homepage()&amp#27;[0m
  &amp#27;[32mWhen &amp#27;[0m&amp#27;[32mUser click on add to wishlist button of htc phone&amp#27;[0m                                     &amp#27;[90m# org.example.step_definitions.WishList.user_click_on_add_to_wishlist_button_of_htc_phone()&amp#27;[0m
  &amp#27;[32mAnd &amp#27;[0m&amp#27;[32mUser click on Wishlist link&amp#27;[0m                                                            &amp#27;[90m# org.example.step_definitions.WishList.user_click_on_wishlist_link()&amp#27;[0m
  &amp#27;[32mThen &amp#27;[0m&amp#27;[32mUser will navigate to wishlist page which contain htc phone product with its quantity&amp#27;[0m &amp#27;[90m# org.example.step_definitions.WishList.user_will_navigate_to_wishlist_page_which_contain_htc_phone_product_with_its_quantity()&amp#27;[0m

@smoke
Scenario: Logged user add different products to compare list                          &amp#27;[90m# src/main/resources/features/F10_CompareProducts.feature:5&amp#27;[0m
  &amp#27;[32mGiven &amp#27;[0m&amp#27;[32mUser log in with email &amp#27;[0m&amp#27;[32m&amp#27;[1m"mohamed.moustafa@test.com"&amp#27;[0m&amp#27;[32m and password &amp#27;[0m&amp#27;[32m&amp#27;[1m"P@ssword123"&amp#27;[0m &amp#27;[90m# org.example.step_definitions.Currency.user_log_in_with_email_and_password(java.lang.String,java.lang.String)&amp#27;[0m
  &amp#27;[32mWhen &amp#27;[0m&amp#27;[32mUser navigate to notebooks products page&amp#27;[0m                                       &amp#27;[90m# org.example.step_definitions.CompareProducts.user_navigate_to_notebooks_products_page()&amp#27;[0m
  &amp#27;[32mAnd &amp#27;[0m&amp#27;[32mUser add different products to the compare list&amp#27;[0m                                 &amp#27;[90m# org.example.step_definitions.CompareProducts.user_add_different_products_to_the_compare_list()&amp#27;[0m
  &amp#27;[32mAnd &amp#27;[0m&amp#27;[32mUser navigate to compare products list page&amp#27;[0m                                     &amp#27;[90m# org.example.step_definitions.CompareProducts.user_navigate_to_compare_products_list_page()&amp#27;[0m
  &amp#27;[32mThen &amp#27;[0m&amp#27;[32mcompare products list will contain all selected products&amp#27;[0m                       &amp#27;[90m# org.example.step_definitions.CompareProducts.compare_products_list_will_contain_all_selected_products()&amp#27;[0m

@smoke
Scenario: Logged user purchase with cash payment                                      &amp#27;[90m# src/main/resources/features/F11_CheckOut.feature:5&amp#27;[0m
  &amp#27;[32mGiven &amp#27;[0m&amp#27;[32mUser log in with email &amp#27;[0m&amp#27;[32m&amp#27;[1m"mohamed.moustafa@test.com"&amp#27;[0m&amp#27;[32m and password &amp#27;[0m&amp#27;[32m&amp#27;[1m"P@ssword123"&amp#27;[0m &amp#27;[90m# org.example.step_definitions.Currency.user_log_in_with_email_and_password(java.lang.String,java.lang.String)&amp#27;[0m
  &amp#27;[32mWhen &amp#27;[0m&amp#27;[32mUser select product from a category&amp#27;[0m                                            &amp#27;[90m# org.example.step_definitions.CheckOut.user_select_product_from_a_category()&amp#27;[0m
  &amp#27;[32mAnd &amp#27;[0m&amp#27;[32mUser add the product to the shopping cart&amp#27;[0m                                       &amp#27;[90m# org.example.step_definitions.CheckOut.user_add_the_product_to_the_shopping_cart()&amp#27;[0m
  &amp#27;[32mAnd &amp#27;[0m&amp#27;[32mUser click on checkout button to purchase the product&amp#27;[0m                           &amp#27;[90m# org.example.step_definitions.CheckOut.user_click_on_checkout_button_to_purchase_the_product()&amp#27;[0m
  &amp#27;[32mAnd &amp#27;[0m&amp#27;[32mUser enter mandatory valid information for payment&amp#27;[0m                              &amp#27;[90m# org.example.step_definitions.CheckOut.user_enter_mandatory_valid_information_for_payment()&amp#27;[0m
  &amp#27;[32mAnd &amp#27;[0m&amp#27;[32mUser click on confirm button to complete the payment&amp#27;[0m                            &amp#27;[90m# org.example.step_definitions.CheckOut.user_click_on_confirm_button_to_complete_the_payment()&amp#27;[0m
  &amp#27;[32mThen &amp#27;[0m&amp#27;[32mSuccess completed order message appears&amp#27;[0m                                        &amp#27;[90m# org.example.step_definitions.CheckOut.success_completed_order_message_appears()&amp#27;[0m

@smoke
Scenario: Logged user select awesome tag                                              &amp#27;[90m# src/main/resources/features/F12_Tags.feature:5&amp#27;[0m
  &amp#27;[32mGiven &amp#27;[0m&amp#27;[32mUser log in with email &amp#27;[0m&amp#27;[32m&amp#27;[1m"mohamed.moustafa@test.com"&amp#27;[0m&amp#27;[32m and password &amp#27;[0m&amp#27;[32m&amp#27;[1m"P@ssword123"&amp#27;[0m &amp#27;[90m# org.example.step_definitions.Currency.user_log_in_with_email_and_password(java.lang.String,java.lang.String)&amp#27;[0m
  &amp#27;[32mWhen &amp#27;[0m&amp#27;[32mUser open notebooks category page&amp#27;[0m                                              &amp#27;[90m# org.example.step_definitions.Tags.user_open_notebooks_category_page()&amp#27;[0m
  &amp#27;[32mAnd &amp#27;[0m&amp#27;[32mUser click on awesome tag from product tags&amp#27;[0m                                     &amp#27;[90m# org.example.step_definitions.Tags.user_click_on_awesome_tag_from_product_tags()&amp#27;[0m
  &amp#27;[32mThen &amp#27;[0m&amp#27;[32mUser will navigate to a page contains products related to awesome tag&amp#27;[0m          &amp#27;[90m# org.example.step_definitions.Tags.user_will_navigate_to_a_page_contains_products_related_to_awesome_tag()&amp#27;[0m

@smoke
Scenario: Logged user select cell tag                                                 &amp#27;[90m# src/main/resources/features/F12_Tags.feature:11&amp#27;[0m
  &amp#27;[32mGiven &amp#27;[0m&amp#27;[32mUser log in with email &amp#27;[0m&amp#27;[32m&amp#27;[1m"mohamed.moustafa@test.com"&amp#27;[0m&amp#27;[32m and password &amp#27;[0m&amp#27;[32m&amp#27;[1m"P@ssword123"&amp#27;[0m &amp#27;[90m# org.example.step_definitions.Currency.user_log_in_with_email_and_password(java.lang.String,java.lang.String)&amp#27;[0m
  &amp#27;[32mWhen &amp#27;[0m&amp#27;[32mUser open notebooks category page&amp#27;[0m                                              &amp#27;[90m# org.example.step_definitions.Tags.user_open_notebooks_category_page()&amp#27;[0m
  &amp#27;[32mAnd &amp#27;[0m&amp#27;[32mUser click on cell tag from product tags&amp#27;[0m                                        &amp#27;[90m# org.example.step_definitions.Tags.user_click_on_cell_tag_from_product_tags()&amp#27;[0m
  &amp#27;[32mThen &amp#27;[0m&amp#27;[32mUser will navigate to a page contains products related to cell tag&amp#27;[0m             &amp#27;[90m# org.example.step_definitions.Tags.user_will_navigate_to_a_page_contains_products_related_to_cell_tag()&amp#27;[0m

@smoke
Scenario: First slider is clickable on home page   &amp#27;[90m# src/main/resources/features/F13_HomeSliders.feature:5&amp#27;[0m
  &amp#27;[32mGiven &amp#27;[0m&amp#27;[32mUser at home page&amp#27;[0m                          &amp#27;[90m# org.example.step_definitions.HomeSliders.user_at_home_page()&amp#27;[0m
  &amp#27;[32mWhen &amp#27;[0m&amp#27;[32mUser click on first slider nokia image&amp#27;[0m      &amp#27;[90m# org.example.step_definitions.HomeSliders.user_click_on_first_slider_nokia_image()&amp#27;[0m
  &amp#27;[31mThen &amp#27;[0m&amp#27;[31mUser navigate to nokia product details page&amp#27;[0m &amp#27;[90m# org.example.step_definitions.HomeSliders.user_navigate_to_nokia_product_details_page()&amp#27;[0m
      &amp#27;[31morg.openqa.selenium.TimeoutException: Expected condition failed: waiting for url to be "https://demo.nopcommerce.com/nokia-lumia-1020". Current url: "https://demo.nopcommerce.com/" (tried for 10 second(s) with 500 milliseconds interval)
Build info: version: '4.3.0', revision: 'a4995e2c09*'
System info: host: 'DESKTOP-K5S71EA', ip: '192.168.1.2', os.name: 'Windows 10', os.arch: 'amd64', os.version: '10.0', java.version: '1.8.0_333'
Driver info: org.openqa.selenium.chrome.ChromeDriver
Capabilities {acceptInsecureCerts: false, browserName: chrome, browserVersion: 103.0.5060.114, chrome: {chromedriverVersion: 103.0.5060.53 (a1711811edd7..., userDataDir: C:\Users\mouha\AppData\Loca...}, goog:chromeOptions: {debuggerAddress: localhost:59110}, networkConnectionEnabled: false, pageLoadStrategy: normal, platformName: WINDOWS, proxy: Proxy(), se:cdp: ws://localhost:59110/devtoo..., se:cdpVersion: 103.0.5060.114, setWindowRect: true, st]]></system-out>
    <system-err><![CDATA[Starting ChromeDriver 103.0.5060.53 (a1711811edd74ff1cf2150f36ffa3b0dae40b17f-refs/branch-heads/5060@{#853}) on port 64726
Only local connections are allowed.
Please see https://chromedriver.chromium.org/security-considerations for suggestions on keeping ChromeDriver safe.
ChromeDriver was started successfully.
Jul 16, 2022 2:52:23 AM org.openqa.selenium.remote.ProtocolHandshake createSession
INFO: Detected upstream dialect: W3C
Jul 16, 2022 2:52:23 AM org.openqa.selenium.devtools.CdpVersionFinder findNearestMatch
INFO: Found exact CDP implementation for version 103
]]></system-err>
  </testcase>
  <testcase name="runScenario" classname="org.example.runners.TestRunner" time="19.052">
    <failure message="Expected condition failed: waiting for url to be &quot; https://demo.nopcommerce.com/iphone-6&quot;. Current url: &quot;https://demo.nopcommerce.com/&quot; (tried for 10 second(s) with 500 milliseconds interval)&#10;Build info: version: &apos;4.3.0&apos;, revision: &apos;a4995e2c09*&apos;&#10;System info: host: &apos;DESKTOP-K5S71EA&apos;, ip: &apos;192.168.1.2&apos;, os.name: &apos;Windows 10&apos;, os.arch: &apos;amd64&apos;, os.version: &apos;10.0&apos;, java.version: &apos;1.8.0_333&apos;&#10;Driver info: org.openqa.selenium.chrome.ChromeDriver&#10;Capabilities {acceptInsecureCerts: false, browserName: chrome, browserVersion: 103.0.5060.114, chrome: {chromedriverVersion: 103.0.5060.53 (a1711811edd7..., userDataDir: C:\Users\mouha\AppData\Loca...}, goog:chromeOptions: {debuggerAddress: localhost:59131}, networkConnectionEnabled: false, pageLoadStrategy: normal, platformName: WINDOWS, proxy: Proxy(), se:cdp: ws://localhost:59131/devtoo..., se:cdpVersion: 103.0.5060.114, setWindowRect: true, strictFileInteractability: false, timeouts: {implicit: 0, pageLoad: 300000, script: 30000}, unhandledPromptBehavior: dismiss and notify, webauthn:extension:credBlob: true, webauthn:extension:largeBlob: true, webauthn:virtualAuthenticators: true}&#10;Session ID: f50a160ac63d8cdded1241e2a1079e00" type="org.openqa.selenium.TimeoutException">org.openqa.selenium.TimeoutException: 
Expected condition failed: waiting for url to be " https://demo.nopcommerce.com/iphone-6". Current url: "https://demo.nopcommerce.com/" (tried for 10 second(s) with 500 milliseconds interval)
Build info: version: '4.3.0', revision: 'a4995e2c09*'
System info: host: 'DESKTOP-K5S71EA', ip: '192.168.1.2', os.name: 'Windows 10', os.arch: 'amd64', os.version: '10.0', java.version: '1.8.0_333'
Driver info: org.openqa.selenium.chrome.ChromeDriver
Capabilities {acceptInsecureCerts: false, browserName: chrome, browserVersion: 103.0.5060.114, chrome: {chromedriverVersion: 103.0.5060.53 (a1711811edd7..., userDataDir: C:\Users\mouha\AppData\Loca...}, goog:chromeOptions: {debuggerAddress: localhost:59131}, networkConnectionEnabled: false, pageLoadStrategy: normal, platformName: WINDOWS, proxy: Proxy(), se:cdp: ws://localhost:59131/devtoo..., se:cdpVersion: 103.0.5060.114, setWindowRect: true, strictFileInteractability: false, timeouts: {implicit: 0, pageLoad: 300000, script: 30000}, unhandledPromptBehavior: dismiss and notify, webauthn:extension:credBlob: true, webauthn:extension:largeBlob: true, webauthn:virtualAuthenticators: true}
Session ID: f50a160ac63d8cdded1241e2a1079e00
</failure>
    <system-err><![CDATA[Starting ChromeDriver 103.0.5060.53 (a1711811edd74ff1cf2150f36ffa3b0dae40b17f-refs/branch-heads/5060@{#853}) on port 50849
Only local connections are allowed.
Please see https://chromedriver.chromium.org/security-considerations for suggestions on keeping ChromeDriver safe.
ChromeDriver was started successfully.
Jul 16, 2022 2:52:41 AM org.openqa.selenium.remote.ProtocolHandshake createSession
INFO: Detected upstream dialect: W3C
Jul 16, 2022 2:52:41 AM org.openqa.selenium.devtools.CdpVersionFinder findNearestMatch
INFO: Found exact CDP implementation for version 103
]]></system-err>
  </testcase>
  <testcase name="runScenario" classname="org.example.runners.TestRunner" time="11.436"/>
  <testcase name="runScenario" classname="org.example.runners.TestRunner" time="14.567"/>
  <testcase name="runScenario" classname="org.example.runners.TestRunner" time="15.924">
    <failure message="expected [https://demo.nopcommerce.com/new-online-store-is-open] but found [https://demo.nopcommerce.com/news/rss/1]" type="java.lang.AssertionError">java.lang.AssertionError: expected [https://demo.nopcommerce.com/new-online-store-is-open] but found [https://demo.nopcommerce.com/news/rss/1]
</failure>
    <system-out><![CDATA[There is only one tab with url : https://demo.nopcommerce.com/news/rss/1
]]></system-out>
    <system-err><![CDATA[Starting ChromeDriver 103.0.5060.53 (a1711811edd74ff1cf2150f36ffa3b0dae40b17f-refs/branch-heads/5060@{#853}) on port 53137
Only local connections are allowed.
Please see https://chromedriver.chromium.org/security-considerations for suggestions on keeping ChromeDriver safe.
ChromeDriver was started successfully.
Jul 16, 2022 2:53:27 AM org.openqa.selenium.remote.ProtocolHandshake createSession
INFO: Detected upstream dialect: W3C
Jul 16, 2022 2:53:27 AM org.openqa.selenium.devtools.CdpVersionFinder findNearestMatch
INFO: Found exact CDP implementation for version 103
]]></system-err>
  </testcase>
  <testcase name="runScenario" classname="org.example.runners.TestRunner" time="14.422"/>
</testsuite>